<?xml version="1.0" encoding="UTF-8"?>
<!-- Generated by org.testng.reporters.JUnitReportReporter -->
<testsuite hostname="DESKTOP-NB6H5KM" failures="0" tests="2" name="com.qa.openkart.Tests.ALoginPageTest_1" time="1.844" errors="0" timestamp="2024-09-12T10:08:56 IST" skipped="0">
  <testcase classname="com.qa.openkart.Tests.ALoginPageTest_1" name="Fetch_title" time="0.040"/>
  <system-out/>
  <testcase classname="com.qa.openkart.Tests.ALoginPageTest_1" name="Login" time="1.804"/>
  <system-out/>
</testsuite> <!-- com.qa.openkart.Tests.ALoginPageTest_1 -->
