<?xml version="1.0" encoding="UTF-8"?>
<!-- Generated by org.testng.reporters.JUnitReportReporter -->
<testsuite hostname="DESKTOP-NB6H5KM" failures="0" tests="1" name="com.qa.openkart.Tests.BHomePageTest_2" time="0.206" errors="1" timestamp="2024-09-11T20:34:36 IST" skipped="0">
  <testcase classname="com.qa.openkart.Tests.BHomePageTest_2" name="Click_Leads" time="0.206">
    <error message="Object doesn&#039;t exist: request@dc4760a3ff5a72b7843c4a2ddbde16a1" type="com.microsoft.playwright.PlaywrightException">
      <![CDATA[com.microsoft.playwright.PlaywrightException: Object doesn't exist: request@dc4760a3ff5a72b7843c4a2ddbde16a1
at com.microsoft.playwright.impl.Connection.getExistingObject(Connection.java:192)
at com.microsoft.playwright.impl.BrowserContextImpl.handleEvent(BrowserContextImpl.java:752)
at com.microsoft.playwright.impl.Connection.dispatch(Connection.java:292)
at com.microsoft.playwright.impl.Connection.processOneMessage(Connection.java:211)
at com.microsoft.playwright.impl.ChannelOwner.runUntil(ChannelOwner.java:118)
at com.microsoft.playwright.impl.Connection.sendMessage(Connection.java:130)
at com.microsoft.playwright.impl.ChannelOwner.sendMessage(ChannelOwner.java:106)
at com.microsoft.playwright.impl.FrameImpl.waitForTimeoutImpl(FrameImpl.java:1076)
at com.microsoft.playwright.impl.PageImpl.lambda$waitForTimeout$95(PageImpl.java:1562)
at com.microsoft.playwright.impl.LoggingSupport.lambda$withLogging$0(LoggingSupport.java:36)
at com.microsoft.playwright.impl.LoggingSupport.withLogging(LoggingSupport.java:47)
at com.microsoft.playwright.impl.ChannelOwner.withLogging(ChannelOwner.java:89)
at com.microsoft.playwright.impl.LoggingSupport.withLogging(LoggingSupport.java:35)
at com.microsoft.playwright.impl.PageImpl.waitForTimeout(PageImpl.java:1562)
at com.qa.openkart.Tests.BHomePageTest_2.Click_Leads(BHomePageTest_2.java:42)
at java.base/jdk.internal.reflect.DirectMethodHandleAccessor.invoke(DirectMethodHandleAccessor.java:103)
at java.base/java.lang.reflect.Method.invoke(Method.java:580)
at org.testng.internal.MethodInvocationHelper.invokeMethod(MethodInvocationHelper.java:133)
at org.testng.internal.TestInvoker.invokeMethod(TestInvoker.java:598)
at org.testng.internal.TestInvoker.invokeTestMethod(TestInvoker.java:173)
at org.testng.internal.MethodRunner.runInSequence(MethodRunner.java:46)
at org.testng.internal.TestInvoker$MethodInvocationAgent.invoke(TestInvoker.java:824)
at org.testng.internal.TestInvoker.invokeTestMethods(TestInvoker.java:146)
at org.testng.internal.TestMethodWorker.invokeTestMethods(TestMethodWorker.java:146)
at org.testng.internal.TestMethodWorker.run(TestMethodWorker.java:128)
at java.base/java.util.concurrent.ThreadPoolExecutor.runWorker(ThreadPoolExecutor.java:1144)
at java.base/java.util.concurrent.ThreadPoolExecutor$Worker.run(ThreadPoolExecutor.java:642)
at java.base/java.lang.Thread.run(Thread.java:1570)
]]>
    </error>
  </testcase> <!-- Click_Leads -->
  <system-out/>
</testsuite> <!-- com.qa.openkart.Tests.BHomePageTest_2 -->
