<?xml version="1.0" encoding="UTF-8"?>
<!-- Generated by org.testng.reporters.JUnitReportReporter -->
<testsuite hostname="DESKTOP-NB6H5KM" failures="0" tests="2" name="com.qa.openkart.Tests.HomePageTest" time="4.628" errors="0" timestamp="2024-09-12T13:27:44 IST" skipped="1">
  <testcase classname="com.qa.openkart.Tests.HomePageTest" name="Click_Leads" time="4.628"/>
  <system-out/>
  <testcase classname="com.qa.openkart.Tests.HomePageTest" name="Operations_2">
    <skipped/>
  </testcase> <!-- Operations_2 -->
  <system-out/>
</testsuite> <!-- com.qa.openkart.Tests.HomePageTest -->
