<?xml version="1.0" encoding="UTF-8"?>
<!-- Generated by org.testng.reporters.JUnitReportReporter -->
<testsuite hostname="DESKTOP-NB6H5KM" failures="0" tests="2" name="com.qa.openkart.Tests.LoginPageTest" time="2.454" errors="0" timestamp="2024-09-17T09:31:13 IST" skipped="0">
  <testcase classname="com.qa.openkart.Tests.LoginPageTest" name="Fetch_title" time="0.146"/>
  <system-out/>
  <testcase classname="com.qa.openkart.Tests.LoginPageTest" name="Login" time="2.308"/>
  <system-out/>
</testsuite> <!-- com.qa.openkart.Tests.LoginPageTest -->
