<?xml version="1.0" encoding="UTF-8"?>
<!-- Generated by org.testng.reporters.JUnitReportReporter -->
<testsuite hostname="DESKTOP-NB6H5KM" failures="0" tests="2" name="com.qa.openkart.Tests.LoginPageTest_1" time="2.164" errors="0" timestamp="2024-09-10T18:50:01 IST" skipped="0">
  <testcase classname="com.qa.openkart.Tests.LoginPageTest_1" name="operations" time="0.213"/>
  <system-out/>
  <testcase classname="com.qa.openkart.Tests.LoginPageTest_1" name="Login" time="1.951"/>
  <system-out/>
</testsuite> <!-- com.qa.openkart.Tests.LoginPageTest_1 -->
