<?xml version="1.0" encoding="UTF-8"?>
<!-- Generated by org.testng.reporters.JUnitReportReporter -->
<testsuite hostname="DESKTOP-NB6H5KM" failures="0" tests="3" name="com.qa.openkart.Tests.HomePageTest" time="38.673" errors="1" timestamp="2024-09-17T09:31:13 IST" skipped="0">
  <testcase classname="com.qa.openkart.Tests.HomePageTest" name="Operations_2" time="1.032"/>
  <system-out/>
  <testcase classname="com.qa.openkart.Tests.HomePageTest" name="Click_Leads" time="4.618"/>
  <system-out/>
  <testcase classname="com.qa.openkart.Tests.HomePageTest" name="List_of_Leads" time="33.023">
    <error message="Error {
  message=&#039;Timeout 30000ms exceeded.
  name=&#039;TimeoutError
  stack=&#039;TimeoutError: Timeout 30000ms exceeded.
    at ProgressController.run (C:\Users\JATIN-PC\AppData\Local\Temp\playwright-java-16477072730101147997\package\lib\server\progress.js:78:26)
    at Frame.click (C:\Users\JATIN-PC\AppData\Local\Temp\playwright-java-16477072730101147997\package\lib\server\frames.js:1007:23)
    at FrameDispatcher.click (C:\Users\JATIN-PC\AppData\Local\Temp\playwright-java-16477072730101147997\package\lib\server\dispatchers\frameDispatcher.js:157:30)
    at FrameDispatcher._handleCommand (C:\Users\JATIN-PC\AppData\Local\Temp\playwright-java-16477072730101147997\package\lib\server\dispatchers\dispatcher.js:94:40)
    at DispatcherConnection.dispatch (C:\Users\JATIN-PC\AppData\Local\Temp\playwright-java-16477072730101147997\package\lib\server\dispatchers\dispatcher.js:361:39)
}
Call log:
- waiting for locator(&quot;//table[@class=&#039;lvt small&#039;]&quot;).locator(&quot;//tr[13]//td[1]//input&quot;)
" type="com.microsoft.playwright.TimeoutError">
      <![CDATA[com.microsoft.playwright.TimeoutError: Error {
  message='Timeout 30000ms exceeded.
  name='TimeoutError
  stack='TimeoutError: Timeout 30000ms exceeded.
    at ProgressController.run (C:\Users\JATIN-PC\AppData\Local\Temp\playwright-java-16477072730101147997\package\lib\server\progress.js:78:26)
    at Frame.click (C:\Users\JATIN-PC\AppData\Local\Temp\playwright-java-16477072730101147997\package\lib\server\frames.js:1007:23)
    at FrameDispatcher.click (C:\Users\JATIN-PC\AppData\Local\Temp\playwright-java-16477072730101147997\package\lib\server\dispatchers\frameDispatcher.js:157:30)
    at FrameDispatcher._handleCommand (C:\Users\JATIN-PC\AppData\Local\Temp\playwright-java-16477072730101147997\package\lib\server\dispatchers\dispatcher.js:94:40)
    at DispatcherConnection.dispatch (C:\Users\JATIN-PC\AppData\Local\Temp\playwright-java-16477072730101147997\package\lib\server\dispatchers\dispatcher.js:361:39)
}
Call log:
- waiting for locator("//table[@class='lvt small']").locator("//tr[13]//td[1]//input")

at com.microsoft.playwright.impl.WaitableResult.get(WaitableResult.java:52)
at com.microsoft.playwright.impl.ChannelOwner.runUntil(ChannelOwner.java:120)
at com.microsoft.playwright.impl.Connection.sendMessage(Connection.java:130)
at com.microsoft.playwright.impl.ChannelOwner.sendMessage(ChannelOwner.java:106)
at com.microsoft.playwright.impl.FrameImpl.clickImpl(FrameImpl.java:252)
at com.microsoft.playwright.impl.FrameImpl.lambda$click$8(FrameImpl.java:243)
at com.microsoft.playwright.impl.LoggingSupport.lambda$withLogging$0(LoggingSupport.java:36)
at com.microsoft.playwright.impl.LoggingSupport.withLogging(LoggingSupport.java:47)
at com.microsoft.playwright.impl.ChannelOwner.withLogging(ChannelOwner.java:89)
at com.microsoft.playwright.impl.LoggingSupport.withLogging(LoggingSupport.java:35)
at com.microsoft.playwright.impl.FrameImpl.click(FrameImpl.java:243)
at com.microsoft.playwright.impl.LocatorImpl.click(LocatorImpl.java:160)
at com.microsoft.playwright.Locator.click(Locator.java:2406)
at com.qa.openkart.pages.Homepage.click_ProductNames_chkbox(Homepage.java:63)
at com.qa.openkart.Tests.HomePageTest.List_of_Leads(HomePageTest.java:59)
at java.base/jdk.internal.reflect.DirectMethodHandleAccessor.invoke(DirectMethodHandleAccessor.java:103)
at java.base/java.lang.reflect.Method.invoke(Method.java:580)
at org.testng.internal.MethodInvocationHelper.invokeMethod(MethodInvocationHelper.java:133)
at org.testng.internal.TestInvoker.invokeMethod(TestInvoker.java:598)
at org.testng.internal.TestInvoker.invokeTestMethod(TestInvoker.java:173)
at org.testng.internal.MethodRunner.runInSequence(MethodRunner.java:46)
at org.testng.internal.TestInvoker$MethodInvocationAgent.invoke(TestInvoker.java:824)
at org.testng.internal.TestInvoker.invokeTestMethods(TestInvoker.java:146)
at org.testng.internal.TestMethodWorker.invokeTestMethods(TestMethodWorker.java:146)
at org.testng.internal.TestMethodWorker.run(TestMethodWorker.java:128)
at java.base/java.util.ArrayList.forEach(ArrayList.java:1597)
at org.testng.TestRunner.privateRun(TestRunner.java:794)
at org.testng.TestRunner.run(TestRunner.java:596)
at org.testng.SuiteRunner.runTest(SuiteRunner.java:377)
at org.testng.SuiteRunner.runSequentially(SuiteRunner.java:371)
at org.testng.SuiteRunner.privateRun(SuiteRunner.java:332)
at org.testng.SuiteRunner.run(SuiteRunner.java:276)
at org.testng.SuiteRunnerWorker.runSuite(SuiteRunnerWorker.java:53)
at org.testng.SuiteRunnerWorker.run(SuiteRunnerWorker.java:96)
at org.testng.TestNG.runSuitesSequentially(TestNG.java:1212)
at org.testng.TestNG.runSuitesLocally(TestNG.java:1134)
at org.testng.TestNG.runSuites(TestNG.java:1063)
at org.testng.TestNG.run(TestNG.java:1031)
at org.testng.remote.AbstractRemoteTestNG.run(AbstractRemoteTestNG.java:115)
at org.testng.remote.RemoteTestNG.initAndRun(RemoteTestNG.java:293)
at org.testng.remote.RemoteTestNG.main(RemoteTestNG.java:91)
Caused by: com.microsoft.playwright.TimeoutError: Error {
  message='Timeout 30000ms exceeded.
  name='TimeoutError
  stack='TimeoutError: Timeout 30000ms exceeded.
    at ProgressController.run (C:\Users\JATIN-PC\AppData\Local\Temp\playwright-java-16477072730101147997\package\lib\server\progress.js:78:26)
    at Frame.click (C:\Users\JATIN-PC\AppData\Local\Temp\playwright-java-16477072730101147997\package\lib\server\frames.js:1007:23)
    at FrameDispatcher.click (C:\Users\JATIN-PC\AppData\Local\Temp\playwright-java-16477072730101147997\package\lib\server\dispatchers\frameDispatcher.js:157:30)
    at FrameDispatcher._handleCommand (C:\Users\JATIN-PC\AppData\Local\Temp\playwright-java-16477072730101147997\package\lib\server\dispatchers\dispatcher.js:94:40)
    at DispatcherConnection.dispatch (C:\Users\JATIN-PC\AppData\Local\Temp\playwright-java-16477072730101147997\package\lib\server\dispatchers\dispatcher.js:361:39)
}
Call log:
- waiting for locator("//table[@class='lvt small']").locator("//tr[13]//td[1]//input")

at com.microsoft.playwright.impl.Connection.dispatch(Connection.java:254)
at com.microsoft.playwright.impl.Connection.processOneMessage(Connection.java:211)
at com.microsoft.playwright.impl.ChannelOwner.runUntil(ChannelOwner.java:118)
... 39 more
]]>
    </error>
  </testcase> <!-- List_of_Leads -->
  <system-out/>
</testsuite> <!-- com.qa.openkart.Tests.HomePageTest -->
