<?xml version="1.0" encoding="UTF-8"?>
<!-- Generated by org.testng.reporters.JUnitReportReporter -->
<testsuite hostname="DESKTOP-NB6H5KM" failures="0" tests="2" name="com.qa.openkart.Tests.LoginPageTest" time="1.986" errors="0" timestamp="2024-09-12T13:27:44 IST" skipped="0">
  <testcase classname="com.qa.openkart.Tests.LoginPageTest" name="Fetch_title" time="0.050"/>
  <system-out/>
  <testcase classname="com.qa.openkart.Tests.LoginPageTest" name="Login" time="1.936"/>
  <system-out/>
</testsuite> <!-- com.qa.openkart.Tests.LoginPageTest -->
