<?xml version="1.0" encoding="UTF-8"?>
<!-- Generated by org.testng.reporters.JUnitReportReporter -->
<testsuite hostname="DESKTOP-NB6H5KM" failures="0" tests="2" name="com.qa.openkart.Tests.LoginPageTest" time="2.390" errors="0" timestamp="2024-09-10T18:43:45 IST" skipped="0">
  <testcase classname="com.qa.openkart.Tests.LoginPageTest" name="operations" time="0.375"/>
  <system-out/>
  <testcase classname="com.qa.openkart.Tests.LoginPageTest" name="Login" time="2.015"/>
  <system-out/>
</testsuite> <!-- com.qa.openkart.Tests.LoginPageTest -->
